<?xml version="1.0" encoding="UTF-8"?>
<testsuite xmlns:xsi="http://www.w3.org/2001/XMLSchema-instance" xsi:noNamespaceSchemaLocation="https://maven.apache.org/surefire/maven-surefire-plugin/xsd/surefire-test-report.xsd" name="test.TestDemo" time="5.267" tests="2" errors="0" skipped="0" failures="0">
  <properties>
    <property name="sun.desktop" value="windows"/>
    <property name="awt.toolkit" value="sun.awt.windows.WToolkit"/>
    <property name="file.encoding.pkg" value="sun.io"/>
    <property name="java.specification.version" value="1.8"/>
    <property name="sun.cpu.isalist" value="amd64"/>
    <property name="sun.jnu.encoding" value="GBK"/>
    <property name="java.class.path" value="D:\noname\workspace\imas_db\imas_db_manga\target\test-classes;D:\noname\workspace\imas_db\imas_db_manga\target\classes;D:\noname\workspace\imas_db\imas_db_common\target\imas_db_common-1.0.0-SNAPSHOT.jar;D:\noname\maven\org\springframework\boot\spring-boot-starter-data-redis\2.2.2.RELEASE\spring-boot-starter-data-redis-2.2.2.RELEASE.jar;D:\noname\maven\org\springframework\data\spring-data-redis\2.2.3.RELEASE\spring-data-redis-2.2.3.RELEASE.jar;D:\noname\maven\org\springframework\data\spring-data-keyvalue\2.2.3.RELEASE\spring-data-keyvalue-2.2.3.RELEASE.jar;D:\noname\maven\org\springframework\data\spring-data-commons\2.2.3.RELEASE\spring-data-commons-2.2.3.RELEASE.jar;D:\noname\maven\org\springframework\spring-tx\5.2.2.RELEASE\spring-tx-5.2.2.RELEASE.jar;D:\noname\maven\org\springframework\spring-oxm\5.2.2.RELEASE\spring-oxm-5.2.2.RELEASE.jar;D:\noname\maven\org\springframework\spring-context-support\5.2.2.RELEASE\spring-context-support-5.2.2.RELEASE.jar;D:\noname\maven\io\lettuce\lettuce-core\5.2.1.RELEASE\lettuce-core-5.2.1.RELEASE.jar;D:\noname\maven\io\netty\netty-common\4.1.43.Final\netty-common-4.1.43.Final.jar;D:\noname\maven\io\netty\netty-handler\4.1.43.Final\netty-handler-4.1.43.Final.jar;D:\noname\maven\io\netty\netty-buffer\4.1.43.Final\netty-buffer-4.1.43.Final.jar;D:\noname\maven\io\netty\netty-codec\4.1.43.Final\netty-codec-4.1.43.Final.jar;D:\noname\maven\io\netty\netty-transport\4.1.43.Final\netty-transport-4.1.43.Final.jar;D:\noname\maven\io\netty\netty-resolver\4.1.43.Final\netty-resolver-4.1.43.Final.jar;D:\noname\maven\io\projectreactor\reactor-core\3.3.1.RELEASE\reactor-core-3.3.1.RELEASE.jar;D:\noname\maven\org\reactivestreams\reactive-streams\1.0.3\reactive-streams-1.0.3.jar;D:\noname\maven\com\aliyun\oss\aliyun-sdk-oss\3.1.0\aliyun-sdk-oss-3.1.0.jar;D:\noname\maven\org\apache\httpcomponents\httpclient\4.5.10\httpclient-4.5.10.jar;D:\noname\maven\org\apache\httpcomponents\httpcore\4.4.12\httpcore-4.4.12.jar;D:\noname\maven\commons-codec\commons-codec\1.13\commons-codec-1.13.jar;D:\noname\maven\org\jdom\jdom\1.1\jdom-1.1.jar;D:\noname\maven\com\sun\jersey\jersey-json\1.9\jersey-json-1.9.jar;D:\noname\maven\org\codehaus\jettison\jettison\1.1\jettison-1.1.jar;D:\noname\maven\stax\stax-api\1.0.1\stax-api-1.0.1.jar;D:\noname\maven\com\sun\xml\bind\jaxb-impl\2.2.3-1\jaxb-impl-2.2.3-1.jar;D:\noname\maven\javax\xml\bind\jaxb-api\2.3.1\jaxb-api-2.3.1.jar;D:\noname\maven\javax\activation\javax.activation-api\1.2.0\javax.activation-api-1.2.0.jar;D:\noname\maven\org\codehaus\jackson\jackson-core-asl\1.8.3\jackson-core-asl-1.8.3.jar;D:\noname\maven\org\codehaus\jackson\jackson-mapper-asl\1.8.3\jackson-mapper-asl-1.8.3.jar;D:\noname\maven\org\codehaus\jackson\jackson-jaxrs\1.8.3\jackson-jaxrs-1.8.3.jar;D:\noname\maven\org\codehaus\jackson\jackson-xc\1.8.3\jackson-xc-1.8.3.jar;D:\noname\maven\com\sun\jersey\jersey-core\1.9\jersey-core-1.9.jar;D:\noname\maven\com\aliyun\aliyun-java-sdk-core\3.4.0\aliyun-java-sdk-core-3.4.0.jar;D:\noname\maven\org\json\json\20170516\json-20170516.jar;D:\noname\maven\com\aliyun\aliyun-java-sdk-ram\3.0.0\aliyun-java-sdk-ram-3.0.0.jar;D:\noname\maven\com\aliyun\aliyun-java-sdk-sts\3.0.0\aliyun-java-sdk-sts-3.0.0.jar;D:\noname\maven\com\aliyun\aliyun-java-sdk-ecs\4.2.0\aliyun-java-sdk-ecs-4.2.0.jar;D:\noname\maven\org\mybatis\spring\boot\mybatis-spring-boot-starter\1.3.2\mybatis-spring-boot-starter-1.3.2.jar;D:\noname\maven\org\springframework\boot\spring-boot-starter-jdbc\2.2.2.RELEASE\spring-boot-starter-jdbc-2.2.2.RELEASE.jar;D:\noname\maven\com\zaxxer\HikariCP\3.4.1\HikariCP-3.4.1.jar;D:\noname\maven\org\springframework\spring-jdbc\5.2.2.RELEASE\spring-jdbc-5.2.2.RELEASE.jar;D:\noname\maven\org\mybatis\spring\boot\mybatis-spring-boot-autoconfigure\1.3.2\mybatis-spring-boot-autoconfigure-1.3.2.jar;D:\noname\maven\org\mybatis\mybatis\3.4.6\mybatis-3.4.6.jar;D:\noname\maven\org\mybatis\mybatis-spring\1.3.2\mybatis-spring-1.3.2.jar;D:\noname\maven\mysql\mysql-connector-java\8.0.18\mysql-connector-java-8.0.18.jar;D:\noname\maven\org\springframework\boot\spring-boot-starter-web\2.2.2.RELEASE\spring-boot-starter-web-2.2.2.RELEASE.jar;D:\noname\maven\org\springframework\boot\spring-boot-starter-json\2.2.2.RELEASE\spring-boot-starter-json-2.2.2.RELEASE.jar;D:\noname\maven\com\fasterxml\jackson\datatype\jackson-datatype-jdk8\2.10.1\jackson-datatype-jdk8-2.10.1.jar;D:\noname\maven\com\fasterxml\jackson\datatype\jackson-datatype-jsr310\2.10.1\jackson-datatype-jsr310-2.10.1.jar;D:\noname\maven\com\fasterxml\jackson\module\jackson-module-parameter-names\2.10.1\jackson-module-parameter-names-2.10.1.jar;D:\noname\maven\org\springframework\boot\spring-boot-starter-tomcat\2.2.2.RELEASE\spring-boot-starter-tomcat-2.2.2.RELEASE.jar;D:\noname\maven\org\apache\tomcat\embed\tomcat-embed-core\9.0.29\tomcat-embed-core-9.0.29.jar;D:\noname\maven\org\apache\tomcat\embed\tomcat-embed-el\9.0.29\tomcat-embed-el-9.0.29.jar;D:\noname\maven\org\apache\tomcat\embed\tomcat-embed-websocket\9.0.29\tomcat-embed-websocket-9.0.29.jar;D:\noname\maven\org\springframework\boot\spring-boot-starter-validation\2.2.2.RELEASE\spring-boot-starter-validation-2.2.2.RELEASE.jar;D:\noname\maven\jakarta\validation\jakarta.validation-api\2.0.1\jakarta.validation-api-2.0.1.jar;D:\noname\maven\org\hibernate\validator\hibernate-validator\6.0.18.Final\hibernate-validator-6.0.18.Final.jar;D:\noname\maven\org\jboss\logging\jboss-logging\3.4.1.Final\jboss-logging-3.4.1.Final.jar;D:\noname\maven\com\fasterxml\classmate\1.5.1\classmate-1.5.1.jar;D:\noname\maven\org\springframework\spring-web\5.2.2.RELEASE\spring-web-5.2.2.RELEASE.jar;D:\noname\maven\org\springframework\spring-beans\5.2.2.RELEASE\spring-beans-5.2.2.RELEASE.jar;D:\noname\maven\org\springframework\spring-webmvc\5.2.2.RELEASE\spring-webmvc-5.2.2.RELEASE.jar;D:\noname\maven\org\springframework\spring-aop\5.2.2.RELEASE\spring-aop-5.2.2.RELEASE.jar;D:\noname\maven\org\springframework\spring-context\5.2.2.RELEASE\spring-context-5.2.2.RELEASE.jar;D:\noname\maven\org\springframework\spring-expression\5.2.2.RELEASE\spring-expression-5.2.2.RELEASE.jar;D:\noname\maven\com\github\pagehelper\pagehelper-spring-boot-starter\1.2.10\pagehelper-spring-boot-starter-1.2.10.jar;D:\noname\maven\com\github\pagehelper\pagehelper-spring-boot-autoconfigure\1.2.10\pagehelper-spring-boot-autoconfigure-1.2.10.jar;D:\noname\maven\com\github\pagehelper\pagehelper\5.1.8\pagehelper-5.1.8.jar;D:\noname\maven\com\github\jsqlparser\jsqlparser\1.2\jsqlparser-1.2.jar;D:\noname\maven\com\alibaba\fastjson\1.2.47\fastjson-1.2.47.jar;D:\noname\maven\com\fasterxml\jackson\core\jackson-databind\2.10.1\jackson-databind-2.10.1.jar;D:\noname\maven\com\fasterxml\jackson\core\jackson-core\2.10.1\jackson-core-2.10.1.jar;D:\noname\maven\com\fasterxml\jackson\core\jackson-annotations\2.10.1\jackson-annotations-2.10.1.jar;D:\noname\maven\com\alibaba\druid\1.1.10\druid-1.1.10.jar;D:\noname\maven\com\alibaba\druid-spring-boot-starter\1.1.10\druid-spring-boot-starter-1.1.10.jar;D:\noname\maven\org\slf4j\slf4j-api\1.7.29\slf4j-api-1.7.29.jar;D:\noname\maven\org\springframework\boot\spring-boot-autoconfigure\2.2.2.RELEASE\spring-boot-autoconfigure-2.2.2.RELEASE.jar;D:\noname\maven\org\springframework\boot\spring-boot-starter\2.2.2.RELEASE\spring-boot-starter-2.2.2.RELEASE.jar;D:\noname\maven\org\springframework\boot\spring-boot\2.2.2.RELEASE\spring-boot-2.2.2.RELEASE.jar;D:\noname\maven\org\springframework\boot\spring-boot-starter-logging\2.2.2.RELEASE\spring-boot-starter-logging-2.2.2.RELEASE.jar;D:\noname\maven\ch\qos\logback\logback-classic\1.2.3\logback-classic-1.2.3.jar;D:\noname\maven\ch\qos\logback\logback-core\1.2.3\logback-core-1.2.3.jar;D:\noname\maven\org\apache\logging\log4j\log4j-to-slf4j\2.12.1\log4j-to-slf4j-2.12.1.jar;D:\noname\maven\org\apache\logging\log4j\log4j-api\2.12.1\log4j-api-2.12.1.jar;D:\noname\maven\org\slf4j\jul-to-slf4j\1.7.29\jul-to-slf4j-1.7.29.jar;D:\noname\maven\jakarta\annotation\jakarta.annotation-api\1.3.5\jakarta.annotation-api-1.3.5.jar;D:\noname\maven\org\springframework\spring-core\5.2.2.RELEASE\spring-core-5.2.2.RELEASE.jar;D:\noname\maven\org\springframework\spring-jcl\5.2.2.RELEASE\spring-jcl-5.2.2.RELEASE.jar;D:\noname\maven\org\yaml\snakeyaml\1.25\snakeyaml-1.25.jar;D:\noname\maven\junit\junit\4.12\junit-4.12.jar;D:\noname\maven\org\hamcrest\hamcrest-core\2.1\hamcrest-core-2.1.jar;D:\noname\maven\org\springframework\boot\spring-boot-starter-test\2.2.2.RELEASE\spring-boot-starter-test-2.2.2.RELEASE.jar;D:\noname\maven\org\springframework\boot\spring-boot-test\2.2.2.RELEASE\spring-boot-test-2.2.2.RELEASE.jar;D:\noname\maven\org\springframework\boot\spring-boot-test-autoconfigure\2.2.2.RELEASE\spring-boot-test-autoconfigure-2.2.2.RELEASE.jar;D:\noname\maven\com\jayway\jsonpath\json-path\2.4.0\json-path-2.4.0.jar;D:\noname\maven\net\minidev\json-smart\2.3\json-smart-2.3.jar;D:\noname\maven\net\minidev\accessors-smart\1.2\accessors-smart-1.2.jar;D:\noname\maven\org\ow2\asm\asm\5.0.4\asm-5.0.4.jar;D:\noname\maven\jakarta\xml\bind\jakarta.xml.bind-api\2.3.2\jakarta.xml.bind-api-2.3.2.jar;D:\noname\maven\jakarta\activation\jakarta.activation-api\1.2.1\jakarta.activation-api-1.2.1.jar;D:\noname\maven\org\junit\jupiter\junit-jupiter\5.5.2\junit-jupiter-5.5.2.jar;D:\noname\maven\org\junit\jupiter\junit-jupiter-api\5.5.2\junit-jupiter-api-5.5.2.jar;D:\noname\maven\org\apiguardian\apiguardian-api\1.1.0\apiguardian-api-1.1.0.jar;D:\noname\maven\org\opentest4j\opentest4j\1.2.0\opentest4j-1.2.0.jar;D:\noname\maven\org\junit\platform\junit-platform-commons\1.5.2\junit-platform-commons-1.5.2.jar;D:\noname\maven\org\junit\jupiter\junit-jupiter-params\5.5.2\junit-jupiter-params-5.5.2.jar;D:\noname\maven\org\junit\jupiter\junit-jupiter-engine\5.5.2\junit-jupiter-engine-5.5.2.jar;D:\noname\maven\org\junit\platform\junit-platform-engine\1.5.2\junit-platform-engine-1.5.2.jar;D:\noname\maven\org\mockito\mockito-junit-jupiter\3.1.0\mockito-junit-jupiter-3.1.0.jar;D:\noname\maven\org\assertj\assertj-core\3.13.2\assertj-core-3.13.2.jar;D:\noname\maven\org\hamcrest\hamcrest\2.1\hamcrest-2.1.jar;D:\noname\maven\org\mockito\mockito-core\3.1.0\mockito-core-3.1.0.jar;D:\noname\maven\net\bytebuddy\byte-buddy\1.10.4\byte-buddy-1.10.4.jar;D:\noname\maven\net\bytebuddy\byte-buddy-agent\1.10.4\byte-buddy-agent-1.10.4.jar;D:\noname\maven\org\objenesis\objenesis\2.6\objenesis-2.6.jar;D:\noname\maven\org\skyscreamer\jsonassert\1.5.0\jsonassert-1.5.0.jar;D:\noname\maven\org\springframework\spring-test\5.2.2.RELEASE\spring-test-5.2.2.RELEASE.jar;D:\noname\maven\org\xmlunit\xmlunit-core\2.6.3\xmlunit-core-2.6.3.jar;"/>
    <property name="java.vm.vendor" value="Oracle Corporation"/>
    <property name="sun.arch.data.model" value="64"/>
    <property name="user.variant" value=""/>
    <property name="java.vendor.url" value="http://java.oracle.com/"/>
    <property name="user.timezone" value="Asia/Shanghai"/>
    <property name="java.vm.specification.version" value="1.8"/>
    <property name="os.name" value="Windows 10"/>
    <property name="user.country" value="CN"/>
    <property name="sun.java.launcher" value="SUN_STANDARD"/>
    <property name="sun.boot.library.path" value="C:\Program Files\Java\jdk1.8.0_131\jre\bin"/>
    <property name="sun.java.command" value="C:\Users\ADMINI~1\AppData\Local\Temp\surefire1732633399973918143\surefirebooter4368565511257779772.jar C:\Users\Administrator\AppData\Local\Temp\surefire1732633399973918143 2021-08-12T17-45-05_963-jvmRun1 surefire7896284783074425883tmp surefire_09206209520541865191tmp"/>
    <property name="surefire.test.class.path" value="D:\noname\workspace\imas_db\imas_db_manga\target\test-classes;D:\noname\workspace\imas_db\imas_db_manga\target\classes;D:\noname\workspace\imas_db\imas_db_common\target\imas_db_common-1.0.0-SNAPSHOT.jar;D:\noname\maven\org\springframework\boot\spring-boot-starter-data-redis\2.2.2.RELEASE\spring-boot-starter-data-redis-2.2.2.RELEASE.jar;D:\noname\maven\org\springframework\data\spring-data-redis\2.2.3.RELEASE\spring-data-redis-2.2.3.RELEASE.jar;D:\noname\maven\org\springframework\data\spring-data-keyvalue\2.2.3.RELEASE\spring-data-keyvalue-2.2.3.RELEASE.jar;D:\noname\maven\org\springframework\data\spring-data-commons\2.2.3.RELEASE\spring-data-commons-2.2.3.RELEASE.jar;D:\noname\maven\org\springframework\spring-tx\5.2.2.RELEASE\spring-tx-5.2.2.RELEASE.jar;D:\noname\maven\org\springframework\spring-oxm\5.2.2.RELEASE\spring-oxm-5.2.2.RELEASE.jar;D:\noname\maven\org\springframework\spring-context-support\5.2.2.RELEASE\spring-context-support-5.2.2.RELEASE.jar;D:\noname\maven\io\lettuce\lettuce-core\5.2.1.RELEASE\lettuce-core-5.2.1.RELEASE.jar;D:\noname\maven\io\netty\netty-common\4.1.43.Final\netty-common-4.1.43.Final.jar;D:\noname\maven\io\netty\netty-handler\4.1.43.Final\netty-handler-4.1.43.Final.jar;D:\noname\maven\io\netty\netty-buffer\4.1.43.Final\netty-buffer-4.1.43.Final.jar;D:\noname\maven\io\netty\netty-codec\4.1.43.Final\netty-codec-4.1.43.Final.jar;D:\noname\maven\io\netty\netty-transport\4.1.43.Final\netty-transport-4.1.43.Final.jar;D:\noname\maven\io\netty\netty-resolver\4.1.43.Final\netty-resolver-4.1.43.Final.jar;D:\noname\maven\io\projectreactor\reactor-core\3.3.1.RELEASE\reactor-core-3.3.1.RELEASE.jar;D:\noname\maven\org\reactivestreams\reactive-streams\1.0.3\reactive-streams-1.0.3.jar;D:\noname\maven\com\aliyun\oss\aliyun-sdk-oss\3.1.0\aliyun-sdk-oss-3.1.0.jar;D:\noname\maven\org\apache\httpcomponents\httpclient\4.5.10\httpclient-4.5.10.jar;D:\noname\maven\org\apache\httpcomponents\httpcore\4.4.12\httpcore-4.4.12.jar;D:\noname\maven\commons-codec\commons-codec\1.13\commons-codec-1.13.jar;D:\noname\maven\org\jdom\jdom\1.1\jdom-1.1.jar;D:\noname\maven\com\sun\jersey\jersey-json\1.9\jersey-json-1.9.jar;D:\noname\maven\org\codehaus\jettison\jettison\1.1\jettison-1.1.jar;D:\noname\maven\stax\stax-api\1.0.1\stax-api-1.0.1.jar;D:\noname\maven\com\sun\xml\bind\jaxb-impl\2.2.3-1\jaxb-impl-2.2.3-1.jar;D:\noname\maven\javax\xml\bind\jaxb-api\2.3.1\jaxb-api-2.3.1.jar;D:\noname\maven\javax\activation\javax.activation-api\1.2.0\javax.activation-api-1.2.0.jar;D:\noname\maven\org\codehaus\jackson\jackson-core-asl\1.8.3\jackson-core-asl-1.8.3.jar;D:\noname\maven\org\codehaus\jackson\jackson-mapper-asl\1.8.3\jackson-mapper-asl-1.8.3.jar;D:\noname\maven\org\codehaus\jackson\jackson-jaxrs\1.8.3\jackson-jaxrs-1.8.3.jar;D:\noname\maven\org\codehaus\jackson\jackson-xc\1.8.3\jackson-xc-1.8.3.jar;D:\noname\maven\com\sun\jersey\jersey-core\1.9\jersey-core-1.9.jar;D:\noname\maven\com\aliyun\aliyun-java-sdk-core\3.4.0\aliyun-java-sdk-core-3.4.0.jar;D:\noname\maven\org\json\json\20170516\json-20170516.jar;D:\noname\maven\com\aliyun\aliyun-java-sdk-ram\3.0.0\aliyun-java-sdk-ram-3.0.0.jar;D:\noname\maven\com\aliyun\aliyun-java-sdk-sts\3.0.0\aliyun-java-sdk-sts-3.0.0.jar;D:\noname\maven\com\aliyun\aliyun-java-sdk-ecs\4.2.0\aliyun-java-sdk-ecs-4.2.0.jar;D:\noname\maven\org\mybatis\spring\boot\mybatis-spring-boot-starter\1.3.2\mybatis-spring-boot-starter-1.3.2.jar;D:\noname\maven\org\springframework\boot\spring-boot-starter-jdbc\2.2.2.RELEASE\spring-boot-starter-jdbc-2.2.2.RELEASE.jar;D:\noname\maven\com\zaxxer\HikariCP\3.4.1\HikariCP-3.4.1.jar;D:\noname\maven\org\springframework\spring-jdbc\5.2.2.RELEASE\spring-jdbc-5.2.2.RELEASE.jar;D:\noname\maven\org\mybatis\spring\boot\mybatis-spring-boot-autoconfigure\1.3.2\mybatis-spring-boot-autoconfigure-1.3.2.jar;D:\noname\maven\org\mybatis\mybatis\3.4.6\mybatis-3.4.6.jar;D:\noname\maven\org\mybatis\mybatis-spring\1.3.2\mybatis-spring-1.3.2.jar;D:\noname\maven\mysql\mysql-connector-java\8.0.18\mysql-connector-java-8.0.18.jar;D:\noname\maven\org\springframework\boot\spring-boot-starter-web\2.2.2.RELEASE\spring-boot-starter-web-2.2.2.RELEASE.jar;D:\noname\maven\org\springframework\boot\spring-boot-starter-json\2.2.2.RELEASE\spring-boot-starter-json-2.2.2.RELEASE.jar;D:\noname\maven\com\fasterxml\jackson\datatype\jackson-datatype-jdk8\2.10.1\jackson-datatype-jdk8-2.10.1.jar;D:\noname\maven\com\fasterxml\jackson\datatype\jackson-datatype-jsr310\2.10.1\jackson-datatype-jsr310-2.10.1.jar;D:\noname\maven\com\fasterxml\jackson\module\jackson-module-parameter-names\2.10.1\jackson-module-parameter-names-2.10.1.jar;D:\noname\maven\org\springframework\boot\spring-boot-starter-tomcat\2.2.2.RELEASE\spring-boot-starter-tomcat-2.2.2.RELEASE.jar;D:\noname\maven\org\apache\tomcat\embed\tomcat-embed-core\9.0.29\tomcat-embed-core-9.0.29.jar;D:\noname\maven\org\apache\tomcat\embed\tomcat-embed-el\9.0.29\tomcat-embed-el-9.0.29.jar;D:\noname\maven\org\apache\tomcat\embed\tomcat-embed-websocket\9.0.29\tomcat-embed-websocket-9.0.29.jar;D:\noname\maven\org\springframework\boot\spring-boot-starter-validation\2.2.2.RELEASE\spring-boot-starter-validation-2.2.2.RELEASE.jar;D:\noname\maven\jakarta\validation\jakarta.validation-api\2.0.1\jakarta.validation-api-2.0.1.jar;D:\noname\maven\org\hibernate\validator\hibernate-validator\6.0.18.Final\hibernate-validator-6.0.18.Final.jar;D:\noname\maven\org\jboss\logging\jboss-logging\3.4.1.Final\jboss-logging-3.4.1.Final.jar;D:\noname\maven\com\fasterxml\classmate\1.5.1\classmate-1.5.1.jar;D:\noname\maven\org\springframework\spring-web\5.2.2.RELEASE\spring-web-5.2.2.RELEASE.jar;D:\noname\maven\org\springframework\spring-beans\5.2.2.RELEASE\spring-beans-5.2.2.RELEASE.jar;D:\noname\maven\org\springframework\spring-webmvc\5.2.2.RELEASE\spring-webmvc-5.2.2.RELEASE.jar;D:\noname\maven\org\springframework\spring-aop\5.2.2.RELEASE\spring-aop-5.2.2.RELEASE.jar;D:\noname\maven\org\springframework\spring-context\5.2.2.RELEASE\spring-context-5.2.2.RELEASE.jar;D:\noname\maven\org\springframework\spring-expression\5.2.2.RELEASE\spring-expression-5.2.2.RELEASE.jar;D:\noname\maven\com\github\pagehelper\pagehelper-spring-boot-starter\1.2.10\pagehelper-spring-boot-starter-1.2.10.jar;D:\noname\maven\com\github\pagehelper\pagehelper-spring-boot-autoconfigure\1.2.10\pagehelper-spring-boot-autoconfigure-1.2.10.jar;D:\noname\maven\com\github\pagehelper\pagehelper\5.1.8\pagehelper-5.1.8.jar;D:\noname\maven\com\github\jsqlparser\jsqlparser\1.2\jsqlparser-1.2.jar;D:\noname\maven\com\alibaba\fastjson\1.2.47\fastjson-1.2.47.jar;D:\noname\maven\com\fasterxml\jackson\core\jackson-databind\2.10.1\jackson-databind-2.10.1.jar;D:\noname\maven\com\fasterxml\jackson\core\jackson-core\2.10.1\jackson-core-2.10.1.jar;D:\noname\maven\com\fasterxml\jackson\core\jackson-annotations\2.10.1\jackson-annotations-2.10.1.jar;D:\noname\maven\com\alibaba\druid\1.1.10\druid-1.1.10.jar;D:\noname\maven\com\alibaba\druid-spring-boot-starter\1.1.10\druid-spring-boot-starter-1.1.10.jar;D:\noname\maven\org\slf4j\slf4j-api\1.7.29\slf4j-api-1.7.29.jar;D:\noname\maven\org\springframework\boot\spring-boot-autoconfigure\2.2.2.RELEASE\spring-boot-autoconfigure-2.2.2.RELEASE.jar;D:\noname\maven\org\springframework\boot\spring-boot-starter\2.2.2.RELEASE\spring-boot-starter-2.2.2.RELEASE.jar;D:\noname\maven\org\springframework\boot\spring-boot\2.2.2.RELEASE\spring-boot-2.2.2.RELEASE.jar;D:\noname\maven\org\springframework\boot\spring-boot-starter-logging\2.2.2.RELEASE\spring-boot-starter-logging-2.2.2.RELEASE.jar;D:\noname\maven\ch\qos\logback\logback-classic\1.2.3\logback-classic-1.2.3.jar;D:\noname\maven\ch\qos\logback\logback-core\1.2.3\logback-core-1.2.3.jar;D:\noname\maven\org\apache\logging\log4j\log4j-to-slf4j\2.12.1\log4j-to-slf4j-2.12.1.jar;D:\noname\maven\org\apache\logging\log4j\log4j-api\2.12.1\log4j-api-2.12.1.jar;D:\noname\maven\org\slf4j\jul-to-slf4j\1.7.29\jul-to-slf4j-1.7.29.jar;D:\noname\maven\jakarta\annotation\jakarta.annotation-api\1.3.5\jakarta.annotation-api-1.3.5.jar;D:\noname\maven\org\springframework\spring-core\5.2.2.RELEASE\spring-core-5.2.2.RELEASE.jar;D:\noname\maven\org\springframework\spring-jcl\5.2.2.RELEASE\spring-jcl-5.2.2.RELEASE.jar;D:\noname\maven\org\yaml\snakeyaml\1.25\snakeyaml-1.25.jar;D:\noname\maven\junit\junit\4.12\junit-4.12.jar;D:\noname\maven\org\hamcrest\hamcrest-core\2.1\hamcrest-core-2.1.jar;D:\noname\maven\org\springframework\boot\spring-boot-starter-test\2.2.2.RELEASE\spring-boot-starter-test-2.2.2.RELEASE.jar;D:\noname\maven\org\springframework\boot\spring-boot-test\2.2.2.RELEASE\spring-boot-test-2.2.2.RELEASE.jar;D:\noname\maven\org\springframework\boot\spring-boot-test-autoconfigure\2.2.2.RELEASE\spring-boot-test-autoconfigure-2.2.2.RELEASE.jar;D:\noname\maven\com\jayway\jsonpath\json-path\2.4.0\json-path-2.4.0.jar;D:\noname\maven\net\minidev\json-smart\2.3\json-smart-2.3.jar;D:\noname\maven\net\minidev\accessors-smart\1.2\accessors-smart-1.2.jar;D:\noname\maven\org\ow2\asm\asm\5.0.4\asm-5.0.4.jar;D:\noname\maven\jakarta\xml\bind\jakarta.xml.bind-api\2.3.2\jakarta.xml.bind-api-2.3.2.jar;D:\noname\maven\jakarta\activation\jakarta.activation-api\1.2.1\jakarta.activation-api-1.2.1.jar;D:\noname\maven\org\junit\jupiter\junit-jupiter\5.5.2\junit-jupiter-5.5.2.jar;D:\noname\maven\org\junit\jupiter\junit-jupiter-api\5.5.2\junit-jupiter-api-5.5.2.jar;D:\noname\maven\org\apiguardian\apiguardian-api\1.1.0\apiguardian-api-1.1.0.jar;D:\noname\maven\org\opentest4j\opentest4j\1.2.0\opentest4j-1.2.0.jar;D:\noname\maven\org\junit\platform\junit-platform-commons\1.5.2\junit-platform-commons-1.5.2.jar;D:\noname\maven\org\junit\jupiter\junit-jupiter-params\5.5.2\junit-jupiter-params-5.5.2.jar;D:\noname\maven\org\junit\jupiter\junit-jupiter-engine\5.5.2\junit-jupiter-engine-5.5.2.jar;D:\noname\maven\org\junit\platform\junit-platform-engine\1.5.2\junit-platform-engine-1.5.2.jar;D:\noname\maven\org\mockito\mockito-junit-jupiter\3.1.0\mockito-junit-jupiter-3.1.0.jar;D:\noname\maven\org\assertj\assertj-core\3.13.2\assertj-core-3.13.2.jar;D:\noname\maven\org\hamcrest\hamcrest\2.1\hamcrest-2.1.jar;D:\noname\maven\org\mockito\mockito-core\3.1.0\mockito-core-3.1.0.jar;D:\noname\maven\net\bytebuddy\byte-buddy\1.10.4\byte-buddy-1.10.4.jar;D:\noname\maven\net\bytebuddy\byte-buddy-agent\1.10.4\byte-buddy-agent-1.10.4.jar;D:\noname\maven\org\objenesis\objenesis\2.6\objenesis-2.6.jar;D:\noname\maven\org\skyscreamer\jsonassert\1.5.0\jsonassert-1.5.0.jar;D:\noname\maven\org\springframework\spring-test\5.2.2.RELEASE\spring-test-5.2.2.RELEASE.jar;D:\noname\maven\org\xmlunit\xmlunit-core\2.6.3\xmlunit-core-2.6.3.jar;"/>
    <property name="sun.cpu.endian" value="little"/>
    <property name="user.home" value="C:\Users\Administrator"/>
    <property name="user.language" value="zh"/>
    <property name="java.specification.vendor" value="Oracle Corporation"/>
    <property name="java.home" value="C:\Program Files\Java\jdk1.8.0_131\jre"/>
    <property name="basedir" value="D:\noname\workspace\imas_db\imas_db_manga"/>
    <property name="file.separator" value="\"/>
    <property name="line.separator" value="&#10;"/>
    <property name="java.vm.specification.vendor" value="Oracle Corporation"/>
    <property name="java.specification.name" value="Java Platform API Specification"/>
    <property name="java.awt.graphicsenv" value="sun.awt.Win32GraphicsEnvironment"/>
    <property name="surefire.real.class.path" value="C:\Users\ADMINI~1\AppData\Local\Temp\surefire1732633399973918143\surefirebooter4368565511257779772.jar"/>
    <property name="sun.boot.class.path" value="C:\Program Files\Java\jdk1.8.0_131\jre\lib\resources.jar;C:\Program Files\Java\jdk1.8.0_131\jre\lib\rt.jar;C:\Program Files\Java\jdk1.8.0_131\jre\lib\sunrsasign.jar;C:\Program Files\Java\jdk1.8.0_131\jre\lib\jsse.jar;C:\Program Files\Java\jdk1.8.0_131\jre\lib\jce.jar;C:\Program Files\Java\jdk1.8.0_131\jre\lib\charsets.jar;C:\Program Files\Java\jdk1.8.0_131\jre\lib\jfr.jar;C:\Program Files\Java\jdk1.8.0_131\jre\classes"/>
    <property name="user.script" value=""/>
    <property name="sun.management.compiler" value="HotSpot 64-Bit Tiered Compilers"/>
    <property name="java.runtime.version" value="1.8.0_131-b11"/>
    <property name="user.name" value="Administrator"/>
    <property name="path.separator" value=";"/>
    <property name="os.version" value="10.0"/>
    <property name="java.endorsed.dirs" value="C:\Program Files\Java\jdk1.8.0_131\jre\lib\endorsed"/>
    <property name="java.runtime.name" value="Java(TM) SE Runtime Environment"/>
    <property name="file.encoding" value="GBK"/>
    <property name="java.vm.name" value="Java HotSpot(TM) 64-Bit Server VM"/>
    <property name="localRepository" value="D:\noname\maven"/>
    <property name="java.vendor.url.bug" value="http://bugreport.sun.com/bugreport/"/>
    <property name="java.io.tmpdir" value="C:\Users\ADMINI~1\AppData\Local\Temp\"/>
    <property name="java.version" value="1.8.0_131"/>
    <property name="user.dir" value="D:\noname\workspace\imas_db\imas_db_manga"/>
    <property name="os.arch" value="amd64"/>
    <property name="java.vm.specification.name" value="Java Virtual Machine Specification"/>
    <property name="java.awt.printerjob" value="sun.awt.windows.WPrinterJob"/>
    <property name="idea.version2019.1.3" value="true"/>
    <property name="sun.os.patch.level" value=""/>
    <property name="java.library.path" value="C:\Program Files\Java\jdk1.8.0_131\jre\bin;C:\Windows\Sun\Java\bin;C:\Windows\system32;C:\Windows;D:\Xshell 6\;C:\ProgramData\Oracle\Java\javapath;C:\Windows\system32;C:\Windows;C:\Windows\System32\Wbem;C:\Windows\System32\WindowsPowerShell\v1.0\;C:\Program Files\TortoiseSVN\bin;C:\Program Files\Java\jdk1.8.0_131\bin;F:\dev_software\apache-maven-3.6.1\bin;C:\Program Files\Git\cmd;E:\node\;E:\Go\bin;d:\noname\PuTTY\;C:\Users\Administrator\AppData\Local\Microsoft\WindowsApps;F:\work_software\Microsoft VS Code\bin;F:\work_software\IntelliJ IDEA 2019.1.3\bin;;C:\Users\Administrator\AppData\Roaming\npm;E:\Program Files\JetBrains\GoLand 2020.2.3\bin;C:\Users\Administrator\go\bin;."/>
    <property name="java.vm.info" value="mixed mode"/>
    <property name="java.vendor" value="Oracle Corporation"/>
    <property name="java.vm.version" value="25.131-b11"/>
    <property name="java.ext.dirs" value="C:\Program Files\Java\jdk1.8.0_131\jre\lib\ext;C:\Windows\Sun\Java\lib\ext"/>
    <property name="sun.io.unicode.encoding" value="UnicodeLittle"/>
    <property name="maven.repo.local" value="D:\noname\maven"/>
    <property name="java.class.version" value="52.0"/>
  </properties>
  <testcase name="Test2" classname="test.TestDemo" time="0.448"/>
  <testcase name="test1" classname="test.TestDemo" time="0.006"/>
</testsuite>